----------------------------------------------------------------
Fri Nov 25 06:56:45 CET 2022:
Booting Derby (version The Apache Software Foundation - Apache Derby - 10.15.2.0 - (1873585)) instance a816c00e-0184-ad5c-1c6e-00000f85f558 
on database directory jar:(C:\Users\Helena\Documents\Projects\BridgeDb\Webservice\Mm_Derby_Ensembl_103.bridge)database in READ ONLY mode with class loader jdk.internal.loader.ClassLoaders$AppClassLoader@5c29bfd. 
Loaded from file:/C:/Users/Helena/.m2/repository/org/apache/derby/derby/10.15.2.0/derby-10.15.2.0.jar.
java.vendor=Oracle Corporation
java.runtime.version=11.0.13+10-LTS-370
user.dir=C:\Users\Helena\git\BridgeDbWebservice\BridgeDbWebservice
os.name=Windows 10
os.arch=amd64
os.version=10.0
derby.system.home=null
Database Class Loader started - derby.database.classpath=''
----------------------------------------------------------------
Fri Nov 25 06:56:46 CET 2022:
Booting Derby (version The Apache Software Foundation - Apache Derby - 10.15.2.0 - (1873585)) instance b8450018-0184-ad5c-1c6e-00000f85f558 
on database directory jar:(C:\Users\Helena\Documents\Projects\BridgeDb\Webservice\Hs_Derby_Ensembl_103.bridge)database in READ ONLY mode with class loader jdk.internal.loader.ClassLoaders$AppClassLoader@5c29bfd. 
Loaded from file:/C:/Users/Helena/.m2/repository/org/apache/derby/derby/10.15.2.0/derby-10.15.2.0.jar.
java.vendor=Oracle Corporation
java.runtime.version=11.0.13+10-LTS-370
user.dir=C:\Users\Helena\git\BridgeDbWebservice\BridgeDbWebservice
os.name=Windows 10
os.arch=amd64
os.version=10.0
derby.system.home=null
Database Class Loader started - derby.database.classpath=''
----------------------------------------------------------------
Fri Nov 25 06:56:48 CET 2022:
Booting Derby (version The Apache Software Foundation - Apache Derby - 10.15.2.0 - (1873585)) instance 888c4022-0184-ad5c-1c6e-00000f85f558 
on database directory jar:(C:\Users\Helena\Documents\Projects\BridgeDb\Webservice\metabolites_20210109.bridge)database in READ ONLY mode with class loader jdk.internal.loader.ClassLoaders$AppClassLoader@5c29bfd. 
Loaded from file:/C:/Users/Helena/.m2/repository/org/apache/derby/derby/10.15.2.0/derby-10.15.2.0.jar.
java.vendor=Oracle Corporation
java.runtime.version=11.0.13+10-LTS-370
user.dir=C:\Users\Helena\git\BridgeDbWebservice\BridgeDbWebservice
os.name=Windows 10
os.arch=amd64
os.version=10.0
derby.system.home=null
Database Class Loader started - derby.database.classpath=''
